<?xml version="1.0" encoding="UTF-8"?>
<!-- Generated by org.testng.reporters.JUnitXMLReporter -->
<testsuite hostname="DESKTOP-S8UUUM9" ignored="1" name="Test" tests="1" failures="1" timestamp="2020-06-23T16:28:04 EDT" time="25.138" errors="0">
  <testcase name="getCountrys" time="8.254" classname="test.tracking_TrackandHistoryTest">
    <failure type="org.openqa.selenium.NoSuchElementException" message="Cannot locate an element using id=ups-menuLinks0
For documentation on this error, please visit: https://www.seleniumhq.org/exceptions/no_such_element.html
Build info: version: &amp;apos;3.141.59&amp;apos;, revision: &amp;apos;e82be7d358&amp;apos;, time: &amp;apos;2018-11-14T08:17:03&amp;apos;
System info: host: &amp;apos;DESKTOP-S8UUUM9&amp;apos;, ip: &amp;apos;192.168.1.153&amp;apos;, os.name: &amp;apos;Windows 10&amp;apos;, os.arch: &amp;apos;amd64&amp;apos;, os.version: &amp;apos;10.0&amp;apos;, java.version: &amp;apos;1.8.0_144&amp;apos;
Driver info: driver.version: RemoteWebDriver">
      <![CDATA[org.openqa.selenium.NoSuchElementException: Cannot locate an element using id=ups-menuLinks0
For documentation on this error, please visit: https://www.seleniumhq.org/exceptions/no_such_element.html
Build info: version: '3.141.59', revision: 'e82be7d358', time: '2018-11-14T08:17:03'
System info: host: 'DESKTOP-S8UUUM9', ip: '192.168.1.153', os.name: 'Windows 10', os.arch: 'amd64', os.version: '10.0', java.version: '1.8.0_144'
Driver info: driver.version: RemoteWebDriver
at org.openqa.selenium.remote.RemoteWebDriver.findElement(RemoteWebDriver.java:327)
at org.openqa.selenium.remote.RemoteWebDriver.findElementById(RemoteWebDriver.java:372)
at org.openqa.selenium.By$ById.findElement(By.java:188)
at org.openqa.selenium.remote.RemoteWebDriver.findElement(RemoteWebDriver.java:315)
at model.trackingPageModel.Tracking01(trackingPageModel.java:26)
at Action.trackingPageAction.getTracking001(trackingPageAction.java:22)
at test.tracking_TrackandHistoryTest.getCountrys(tracking_TrackandHistoryTest.java:15)
at java.util.ArrayList.forEach(ArrayList.java:1249)
... Removed 27 stack frames]]>
    </failure>
  </testcase> <!-- getCountrys -->
  <testcase name="getFreight01" time="0.0" classname="test.tracking_TrackandHistoryTest">
    <ignored/>
  </testcase> <!-- getFreight01 -->
</testsuite> <!-- Test -->
